<?xml version="1.0" encoding="UTF-8"?>
<!-- Generated by org.testng.reporters.JUnitReportReporter -->
<testsuite skipped="0" hostname="LLNICT004L" name="Country_Language_Selection" tests="1" failures="0" timestamp="27 Oct 2022 05:32:17 GMT" time="46.186" errors="0">
  <testcase name="select_Country_Language" time="46.186" classname="Country_Language_Selection"/>
</testsuite> <!-- Country_Language_Selection -->
